[2023-11-26 14:39:29] merlin-logger.DEBUG: The welcome step has been displayed [] []
[2023-11-26 14:40:11] merlin-logger.DEBUG: The license activation step has been displayed [] []
[2023-11-26 14:41:04] merlin-logger.DEBUG: The license activation step has been displayed [] []
[2023-11-26 14:41:04] merlin-logger.DEBUG: The plugin installation step has been displayed [] []
[2023-11-26 14:41:08] merlin-logger.DEBUG: A plugin with the following data will be processed {"plugin_slug":"hub-core","message":"Installing"} []
[2023-11-26 14:41:12] merlin-logger.DEBUG: A plugin with the following data will be processed {"plugin_slug":"hub-core","message":"Activating"} []
[2023-11-26 14:41:13] merlin-logger.DEBUG: A plugin with the following data was processed {"plugin_slug":"hub-core"} []
[2023-11-26 14:41:14] merlin-logger.DEBUG: A plugin with the following data will be processed {"plugin_slug":"hub-portfolio","message":"Installing"} []
[2023-11-26 14:41:16] merlin-logger.DEBUG: A plugin with the following data will be processed {"plugin_slug":"hub-portfolio","message":"Activating"} []
[2023-11-26 14:41:17] merlin-logger.DEBUG: A plugin with the following data was processed {"plugin_slug":"hub-portfolio"} []
[2023-11-26 14:41:17] merlin-logger.DEBUG: A plugin with the following data will be processed {"plugin_slug":"elementor","message":"Installing"} []
[2023-11-26 14:41:25] merlin-logger.DEBUG: A plugin with the following data will be processed {"plugin_slug":"elementor","message":"Activating"} []
[2023-11-26 14:41:26] merlin-logger.DEBUG: A plugin with the following data was processed {"plugin_slug":"elementor"} []
[2023-11-26 14:41:26] merlin-logger.DEBUG: A plugin with the following data will be processed {"plugin_slug":"hub-elementor-addons","message":"Installing"} []
[2023-11-26 14:41:32] merlin-logger.DEBUG: A plugin with the following data will be processed {"plugin_slug":"hub-elementor-addons","message":"Activating"} []
[2023-11-26 14:41:35] merlin-logger.DEBUG: A plugin with the following data was processed {"plugin_slug":"hub-elementor-addons"} []
[2023-11-26 14:41:36] merlin-logger.DEBUG: A plugin with the following data will be processed {"plugin_slug":"contact-form-7","message":"Installing"} []
[2023-11-26 14:41:40] merlin-logger.DEBUG: A plugin with the following data will be processed {"plugin_slug":"contact-form-7","message":"Activating"} []
[2023-11-26 14:41:41] merlin-logger.DEBUG: A plugin with the following data was processed {"plugin_slug":"contact-form-7"} []
[2023-11-26 14:41:45] merlin-logger.DEBUG: The content import step has been displayed [] []
[2023-11-26 14:44:24] merlin-logger.DEBUG: The final step has been displayed [] []
[2024-03-08 16:34:36] merlin-logger.DEBUG: A plugin with the following data will be processed {"plugin_slug":"hub-core","message":"Updating"} []
[2024-03-08 16:53:02] merlin-logger.DEBUG: A plugin with the following data was processed {"plugin_slug":"hub-core"} []
[2024-03-08 16:53:03] merlin-logger.DEBUG: A plugin with the following data will be processed {"plugin_slug":"hub-elementor-addons","message":"Updating"} []
[2024-03-08 16:53:04] merlin-logger.DEBUG: A plugin with the following data will be processed {"plugin_slug":"hub-elementor-addons","message":"Installing"} []
[2024-03-08 17:03:09] merlin-logger.DEBUG: A plugin with the following data was processed {"plugin_slug":"hub-elementor-addons"} []
